TN:
SF:js/modules/app-init.js
FN:15,initUserDisplay
FN:28,(anonymous_1)
FN:44,(anonymous_2)
FN:64,(anonymous_3)
FN:116,(anonymous_4)
FNF:5
FNH:0
FNDA:0,initUserDisplay
FNDA:0,(anonymous_1)
FNDA:0,(anonymous_2)
FNDA:0,(anonymous_3)
FNDA:0,(anonymous_4)
DA:16,0
DA:17,0
DA:18,0
DA:19,0
DA:20,0
DA:28,0
DA:29,0
DA:30,0
DA:31,0
DA:33,0
DA:34,0
DA:37,0
DA:44,0
DA:45,0
DA:46,0
DA:48,0
DA:49,0
DA:51,0
DA:52,0
DA:55,0
DA:56,0
DA:64,0
DA:65,0
DA:67,0
DA:68,0
DA:69,0
DA:70,0
DA:74,0
DA:77,0
DA:79,0
DA:80,0
DA:83,0
DA:84,0
DA:88,0
DA:89,0
DA:92,0
DA:93,0
DA:100,0
DA:105,0
DA:110,0
DA:111,0
DA:116,0
DA:117,0
DA:120,0
DA:123,0
DA:125,0
DA:128,0
LF:47
LH:0
BRDA:17,0,0,0
BRDA:17,0,1,0
BRDA:19,1,0,0
BRDA:19,1,1,0
BRDA:29,2,0,0
BRDA:29,2,1,0
BRDA:33,3,0,0
BRDA:33,3,1,0
BRDA:45,4,0,0
BRDA:45,4,1,0
BRDA:51,5,0,0
BRDA:51,5,1,0
BRDA:52,6,0,0
BRDA:52,6,1,0
BRDA:55,7,0,0
BRDA:55,7,1,0
BRDA:69,8,0,0
BRDA:69,8,1,0
BRDA:83,9,0,0
BRDA:83,9,1,0
BRF:20
BRH:0
end_of_record
TN:
SF:js/modules/app-state.js
FNF:0
FNH:0
DA:10,2
DA:22,2
DA:37,2
DA:49,2
DA:59,2
DA:72,2
DA:81,2
LF:7
LH:7
BRF:0
BRH:0
end_of_record
TN:
SF:js/modules/auth-odoo.js
FN:7,(anonymous_0)
FN:14,(anonymous_1)
FN:24,(anonymous_2)
FN:60,(anonymous_3)
FN:72,(anonymous_4)
FN:85,(anonymous_5)
FN:99,(anonymous_6)
FN:112,(anonymous_7)
FN:228,(anonymous_8)
FN:246,(anonymous_9)
FN:272,(anonymous_10)
FN:326,(anonymous_11)
FN:353,(anonymous_12)
FN:360,(anonymous_13)
FNF:14
FNH:0
FNDA:0,(anonymous_0)
FNDA:0,(anonymous_1)
FNDA:0,(anonymous_2)
FNDA:0,(anonymous_3)
FNDA:0,(anonymous_4)
FNDA:0,(anonymous_5)
FNDA:0,(anonymous_6)
FNDA:0,(anonymous_7)
FNDA:0,(anonymous_8)
FNDA:0,(anonymous_9)
FNDA:0,(anonymous_10)
FNDA:0,(anonymous_11)
FNDA:0,(anonymous_12)
FNDA:0,(anonymous_13)
DA:8,0
DA:9,0
DA:10,0
DA:11,0
DA:15,0
DA:18,0
DA:25,0
DA:26,0
DA:27,0
DA:28,0
DA:30,0
DA:31,0
DA:33,0
DA:34,0
DA:35,0
DA:38,0
DA:41,0
DA:43,0
DA:45,0
DA:46,0
DA:47,0
DA:48,0
DA:51,0
DA:52,0
DA:53,0
DA:61,0
DA:63,0
DA:64,0
DA:65,0
DA:73,0
DA:74,0
DA:76,0
DA:77,0
DA:80,0
DA:81,0
DA:82,0
DA:84,0
DA:85,0
DA:86,0
DA:87,0
DA:88,0
DA:90,0
DA:100,0
DA:101,0
DA:102,0
DA:104,0
DA:105,0
DA:106,0
DA:113,0
DA:114,0
DA:115,0
DA:119,0
DA:120,0
DA:121,0
DA:123,0
DA:124,0
DA:127,0
DA:128,0
DA:131,0
DA:132,0
DA:135,0
DA:136,0
DA:138,0
DA:150,0
DA:153,0
DA:154,0
DA:157,0
DA:158,0
DA:161,0
DA:171,0
DA:174,0
DA:183,0
DA:189,0
DA:190,0
DA:191,0
DA:194,0
DA:195,0
DA:198,0
DA:200,0
DA:201,0
DA:202,0
DA:205,0
DA:211,0
DA:216,0
DA:220,0
DA:221,0
DA:229,0
DA:230,0
DA:231,0
DA:232,0
DA:233,0
DA:234,0
DA:235,0
DA:237,0
DA:239,0
DA:247,0
DA:248,0
DA:253,0
DA:255,0
DA:256,0
DA:257,0
DA:258,0
DA:259,0
DA:261,0
DA:262,0
DA:263,0
DA:265,0
DA:273,0
DA:274,0
DA:275,0
DA:276,0
DA:278,0
DA:279,0
DA:281,0
DA:282,0
DA:283,0
DA:284,0
DA:287,0
DA:288,0
DA:290,0
DA:291,0
DA:292,0
DA:293,0
DA:294,0
DA:295,0
DA:297,0
DA:299,0
DA:300,0
DA:301,0
DA:303,0
DA:310,0
DA:311,0
DA:312,0
DA:313,0
DA:314,0
DA:315,0
DA:318,0
DA:319,0
DA:327,0
DA:328,0
DA:331,0
DA:332,0
DA:333,0
DA:337,0
DA:338,0
DA:342,0
DA:343,0
DA:344,0
DA:347,0
DA:354,0
DA:361,0
DA:370,0
DA:372,0
LF:153
LH:0
BRDA:33,0,0,0
BRDA:33,0,1,0
BRDA:63,1,0,0
BRDA:63,1,1,0
BRDA:63,2,0,0
BRDA:63,2,1,0
BRDA:64,3,0,0
BRDA:64,3,1,0
BRDA:64,3,2,0
BRDA:64,3,3,0
BRDA:65,4,0,0
BRDA:65,4,1,0
BRDA:65,4,2,0
BRDA:76,5,0,0
BRDA:76,5,1,0
BRDA:77,6,0,0
BRDA:77,6,1,0
BRDA:80,7,0,0
BRDA:80,7,1,0
BRDA:86,8,0,0
BRDA:86,8,1,0
BRDA:104,9,0,0
BRDA:104,9,1,0
BRDA:105,10,0,0
BRDA:105,10,1,0
BRDA:106,11,0,0
BRDA:106,11,1,0
BRDA:112,12,0,0
BRDA:114,13,0,0
BRDA:114,13,1,0
BRDA:114,14,0,0
BRDA:114,14,1,0
BRDA:121,15,0,0
BRDA:121,15,1,0
BRDA:123,16,0,0
BRDA:123,16,1,0
BRDA:123,17,0,0
BRDA:123,17,1,0
BRDA:127,18,0,0
BRDA:127,18,1,0
BRDA:153,19,0,0
BRDA:153,19,1,0
BRDA:153,20,0,0
BRDA:153,20,1,0
BRDA:194,21,0,0
BRDA:194,21,1,0
BRDA:200,22,0,0
BRDA:200,22,1,0
BRDA:200,23,0,0
BRDA:200,23,1,0
BRDA:216,24,0,0
BRDA:216,24,1,0
BRDA:258,25,0,0
BRDA:258,25,1,0
BRDA:281,26,0,0
BRDA:281,26,1,0
BRDA:297,27,0,0
BRDA:297,27,1,0
BRDA:332,28,0,0
BRDA:332,28,1,0
BRDA:337,29,0,0
BRDA:337,29,1,0
BRDA:343,30,0,0
BRDA:343,30,1,0
BRF:64
BRH:0
end_of_record
TN:
SF:js/modules/charts.js
FN:47,destroyChart
FN:58,renderYearlyComparisonChart
FN:65,(anonymous_2)
FN:83,(anonymous_3)
FN:84,(anonymous_4)
FN:98,(anonymous_5)
FN:100,(anonymous_6)
FN:116,(anonymous_7)
FN:133,(anonymous_8)
FN:153,(anonymous_9)
FN:169,createTopChart
FN:174,(anonymous_11)
FN:177,(anonymous_12)
FN:178,(anonymous_13)
FN:179,(anonymous_14)
FN:210,(anonymous_15)
FN:226,renderTopCustomersChart
FN:228,(anonymous_17)
FN:239,renderTopSalespeopleChart
FN:241,(anonymous_19)
FN:252,renderTopBrandsChart
FN:254,(anonymous_21)
FN:265,renderTopCategoriesChart
FN:267,(anonymous_23)
FN:281,renderTopCitiesChart
FN:283,(anonymous_25)
FN:294,renderTopProductsChart
FN:296,(anonymous_27)
FN:306,destroyAllCharts
FN:307,(anonymous_29)
FNF:30
FNH:0
FNDA:0,destroyChart
FNDA:0,renderYearlyComparisonChart
FNDA:0,(anonymous_2)
FNDA:0,(anonymous_3)
FNDA:0,(anonymous_4)
FNDA:0,(anonymous_5)
FNDA:0,(anonymous_6)
FNDA:0,(anonymous_7)
FNDA:0,(anonymous_8)
FNDA:0,(anonymous_9)
FNDA:0,createTopChart
FNDA:0,(anonymous_11)
FNDA:0,(anonymous_12)
FNDA:0,(anonymous_13)
FNDA:0,(anonymous_14)
FNDA:0,(anonymous_15)
FNDA:0,renderTopCustomersChart
FNDA:0,(anonymous_17)
FNDA:0,renderTopSalespeopleChart
FNDA:0,(anonymous_19)
FNDA:0,renderTopBrandsChart
FNDA:0,(anonymous_21)
FNDA:0,renderTopCategoriesChart
FNDA:0,(anonymous_23)
FNDA:0,renderTopCitiesChart
FNDA:0,(anonymous_25)
FNDA:0,renderTopProductsChart
FNDA:0,(anonymous_27)
FNDA:0,destroyAllCharts
FNDA:0,(anonymous_29)
DA:13,0
DA:26,0
DA:40,0
DA:48,0
DA:49,0
DA:50,0
DA:59,0
DA:60,0
DA:62,0
DA:63,0
DA:65,0
DA:66,0
DA:67,0
DA:68,0
DA:71,0
DA:72,0
DA:73,0
DA:76,0
DA:77,0
DA:78,0
DA:82,0
DA:83,0
DA:84,0
DA:87,0
DA:88,0
DA:90,0
DA:91,0
DA:98,0
DA:99,0
DA:100,0
DA:101,0
DA:103,0
DA:114,0
DA:116,0
DA:117,0
DA:119,0
DA:134,0
DA:135,0
DA:137,0
DA:154,0
DA:170,0
DA:171,0
DA:173,0
DA:174,0
DA:177,0
DA:178,0
DA:179,0
DA:181,0
DA:183,0
DA:211,0
DA:212,0
DA:213,0
DA:227,0
DA:228,0
DA:229,0
DA:230,0
DA:232,0
DA:240,0
DA:241,0
DA:242,0
DA:243,0
DA:245,0
DA:253,0
DA:254,0
DA:255,0
DA:256,0
DA:258,0
DA:266,0
DA:267,0
DA:268,0
DA:270,0
DA:271,0
DA:274,0
DA:282,0
DA:283,0
DA:284,0
DA:285,0
DA:287,0
DA:295,0
DA:296,0
DA:297,0
DA:298,0
DA:300,0
DA:307,0
DA:310,0
LF:85
LH:0
BRDA:48,0,0,0
BRDA:48,0,1,0
BRDA:58,1,0,0
BRDA:60,2,0,0
BRDA:60,2,1,0
BRDA:66,3,0,0
BRDA:66,3,1,0
BRDA:71,4,0,0
BRDA:71,4,1,0
BRDA:72,5,0,0
BRDA:72,5,1,0
BRDA:73,6,0,0
BRDA:73,6,1,0
BRDA:76,7,0,0
BRDA:76,7,1,0
BRDA:77,8,0,0
BRDA:77,8,1,0
BRDA:78,9,0,0
BRDA:78,9,1,0
BRDA:88,10,0,0
BRDA:88,10,1,0
BRDA:100,11,0,0
BRDA:100,11,1,0
BRDA:134,12,0,0
BRDA:134,12,1,0
BRDA:148,13,0,0
BRDA:148,13,1,0
BRDA:149,14,0,0
BRDA:149,14,1,0
BRDA:154,15,0,0
BRDA:154,15,1,0
BRDA:171,16,0,0
BRDA:171,16,1,0
BRDA:229,17,0,0
BRDA:229,17,1,0
BRDA:230,18,0,0
BRDA:230,18,1,0
BRDA:230,19,0,0
BRDA:230,19,1,0
BRDA:242,20,0,0
BRDA:242,20,1,0
BRDA:243,21,0,0
BRDA:243,21,1,0
BRDA:243,22,0,0
BRDA:243,22,1,0
BRDA:255,23,0,0
BRDA:255,23,1,0
BRDA:256,24,0,0
BRDA:256,24,1,0
BRDA:256,25,0,0
BRDA:256,25,1,0
BRDA:268,26,0,0
BRDA:268,26,1,0
BRDA:268,26,2,0
BRDA:270,27,0,0
BRDA:270,27,1,0
BRDA:271,28,0,0
BRDA:271,28,1,0
BRDA:271,29,0,0
BRDA:271,29,1,0
BRDA:284,30,0,0
BRDA:284,30,1,0
BRDA:285,31,0,0
BRDA:285,31,1,0
BRDA:285,32,0,0
BRDA:285,32,1,0
BRDA:297,33,0,0
BRDA:297,33,1,0
BRDA:298,34,0,0
BRDA:298,34,1,0
BRDA:298,35,0,0
BRDA:298,35,1,0
BRF:72
BRH:0
end_of_record
TN:
SF:js/modules/dashboard.js
FN:27,loadDashboard
FN:56,updateSummaryCards
FN:60,(anonymous_2)
FN:61,(anonymous_3)
FN:62,(anonymous_4)
FN:63,(anonymous_5)
FN:64,(anonymous_6)
FN:65,(anonymous_7)
FN:68,(anonymous_8)
FN:73,(anonymous_9)
FN:74,(anonymous_10)
FN:108,updateElement
FN:119,changeDashboardMetric
FN:145,performAIAnalysis
FN:154,(anonymous_14)
FN:159,(anonymous_15)
FN:165,(anonymous_16)
FN:169,(anonymous_17)
FN:175,(anonymous_18)
FNF:19
FNH:0
FNDA:0,loadDashboard
FNDA:0,updateSummaryCards
FNDA:0,(anonymous_2)
FNDA:0,(anonymous_3)
FNDA:0,(anonymous_4)
FNDA:0,(anonymous_5)
FNDA:0,(anonymous_6)
FNDA:0,(anonymous_7)
FNDA:0,(anonymous_8)
FNDA:0,(anonymous_9)
FNDA:0,(anonymous_10)
FNDA:0,updateElement
FNDA:0,changeDashboardMetric
FNDA:0,performAIAnalysis
FNDA:0,(anonymous_14)
FNDA:0,(anonymous_15)
FNDA:0,(anonymous_16)
FNDA:0,(anonymous_17)
FNDA:0,(anonymous_18)
DA:22,0
DA:28,0
DA:30,0
DA:31,0
DA:32,0
DA:36,0
DA:39,0
DA:40,0
DA:41,0
DA:42,0
DA:43,0
DA:44,0
DA:45,0
DA:48,0
DA:50,0
DA:57,0
DA:60,0
DA:61,0
DA:62,0
DA:63,0
DA:64,0
DA:65,0
DA:68,0
DA:69,0
DA:72,0
DA:73,0
DA:74,0
DA:77,0
DA:80,0
DA:81,0
DA:82,0
DA:83,0
DA:84,0
DA:85,0
DA:86,0
DA:87,0
DA:88,0
DA:89,0
DA:92,0
DA:93,0
DA:94,0
DA:95,0
DA:96,0
DA:97,0
DA:98,0
DA:99,0
DA:100,0
DA:109,0
DA:110,0
DA:111,0
DA:120,0
DA:123,0
DA:124,0
DA:126,0
DA:127,0
DA:128,0
DA:129,0
DA:130,0
DA:132,0
DA:133,0
DA:134,0
DA:135,0
DA:139,0
DA:146,0
DA:148,0
DA:149,0
DA:150,0
DA:154,0
DA:155,0
DA:158,0
DA:159,0
DA:160,0
DA:161,0
DA:164,0
DA:165,0
DA:168,0
DA:169,0
DA:170,0
DA:171,0
DA:174,0
DA:175,0
DA:177,0
DA:188,0
DA:189,0
DA:190,0
DA:197,0
DA:198,0
DA:200,0
LF:88
LH:0
BRDA:30,0,0,0
BRDA:30,0,1,0
BRDA:30,1,0,0
BRDA:30,1,1,0
BRDA:60,2,0,0
BRDA:60,2,1,0
BRDA:61,3,0,0
BRDA:61,3,1,0
BRDA:69,4,0,0
BRDA:69,4,1,0
BRDA:77,5,0,0
BRDA:77,5,1,0
BRDA:110,6,0,0
BRDA:110,6,1,0
BRDA:126,7,0,0
BRDA:126,7,1,0
BRDA:148,8,0,0
BRDA:148,8,1,0
BRDA:148,9,0,0
BRDA:148,9,1,0
BRDA:154,10,0,0
BRDA:154,10,1,0
BRDA:160,11,0,0
BRDA:160,11,1,0
BRDA:160,11,2,0
BRDA:161,12,0,0
BRDA:161,12,1,0
BRDA:161,13,0,0
BRDA:161,13,1,0
BRDA:170,14,0,0
BRDA:170,14,1,0
BRDA:171,15,0,0
BRDA:171,15,1,0
BRDA:171,16,0,0
BRDA:171,16,1,0
BRDA:182,17,0,0
BRDA:182,17,1,0
BRDA:183,18,0,0
BRDA:183,18,1,0
BRDA:184,19,0,0
BRDA:184,19,1,0
BRDA:184,20,0,0
BRDA:184,20,1,0
BRDA:189,21,0,0
BRDA:189,21,1,0
BRF:45
BRH:0
end_of_record
TN:
SF:js/modules/data-loader.js
FN:20,getDailyVersion
FN:29,loadMetadata
FN:49,loadYearData
FN:111,loadAllYearsData
FN:141,loadStockLocations
FN:159,loadInventoryData
FN:207,loadTargets
FN:230,loadAllData
FNF:8
FNH:0
FNDA:0,getDailyVersion
FNDA:0,loadMetadata
FNDA:0,loadYearData
FNDA:0,loadAllYearsData
FNDA:0,loadStockLocations
FNDA:0,loadInventoryData
FNDA:0,loadTargets
FNDA:0,loadAllData
DA:13,0
DA:14,0
DA:21,0
DA:22,0
DA:30,0
DA:31,0
DA:32,0
DA:33,0
DA:34,0
DA:35,0
DA:36,0
DA:37,0
DA:39,0
DA:40,0
DA:51,0
DA:52,0
DA:53,0
DA:56,0
DA:58,0
DA:59,0
DA:60,0
DA:66,0
DA:68,0
DA:72,0
DA:73,0
DA:74,0
DA:75,0
DA:76,0
DA:77,0
DA:79,0
DA:80,0
DA:81,0
DA:82,0
DA:86,0
DA:87,0
DA:89,0
DA:90,0
DA:91,0
DA:94,0
DA:95,0
DA:97,0
DA:98,0
DA:101,0
DA:102,0
DA:112,0
DA:114,0
DA:115,0
DA:116,0
DA:118,0
DA:120,0
DA:121,0
DA:123,0
DA:126,0
DA:130,0
DA:131,0
DA:133,0
DA:134,0
DA:142,0
DA:143,0
DA:144,0
DA:145,0
DA:146,0
DA:147,0
DA:148,0
DA:150,0
DA:151,0
DA:160,0
DA:161,0
DA:163,0
DA:164,0
DA:170,0
DA:172,0
DA:175,0
DA:176,0
DA:177,0
DA:178,0
DA:179,0
DA:180,0
DA:182,0
DA:183,0
DA:184,0
DA:187,0
DA:188,0
DA:189,0
DA:192,0
DA:193,0
DA:195,0
DA:198,0
DA:199,0
DA:208,0
DA:209,0
DA:210,0
DA:211,0
DA:212,0
DA:213,0
DA:214,0
DA:215,0
DA:217,0
DA:218,0
DA:221,0
DA:222,0
DA:231,0
DA:232,0
DA:235,0
DA:241,0
DA:242,0
DA:246,0
DA:249,0
DA:251,0
DA:252,0
DA:253,0
DA:255,0
DA:263,0
DA:264,0
DA:268,0
LF:115
LH:0
BRDA:33,0,0,0
BRDA:33,0,1,0
BRDA:51,1,0,0
BRDA:51,1,1,0
BRDA:51,2,0,0
BRDA:51,2,1,0
BRDA:66,3,0,0
BRDA:66,3,1,0
BRDA:72,4,0,0
BRDA:72,4,1,0
BRDA:86,5,0,0
BRDA:86,5,1,0
BRDA:95,6,0,0
BRDA:95,6,1,0
BRDA:118,7,0,0
BRDA:118,7,1,0
BRDA:118,8,0,0
BRDA:118,8,1,0
BRDA:118,8,2,0
BRDA:144,9,0,0
BRDA:144,9,1,0
BRDA:146,10,0,0
BRDA:146,10,1,0
BRDA:170,11,0,0
BRDA:170,11,1,0
BRDA:175,12,0,0
BRDA:175,12,1,0
BRDA:193,13,0,0
BRDA:193,13,1,0
BRDA:211,14,0,0
BRDA:211,14,1,0
BRDA:241,15,0,0
BRDA:241,15,1,0
BRDA:241,16,0,0
BRDA:241,16,1,0
BRDA:241,16,2,0
BRDA:253,17,0,0
BRDA:253,17,1,0
BRF:38
BRH:0
end_of_record
TN:
SF:js/modules/filters.js
FN:14,handleChannelFilter
FN:23,(anonymous_1)
FN:28,(anonymous_2)
FN:40,(anonymous_3)
FN:41,(anonymous_4)
FN:67,getFilteredData
FN:72,(anonymous_6)
FN:82,getActiveChannelCount
FN:86,(anonymous_8)
FN:97,filterByDateRange
FN:100,(anonymous_10)
FN:117,filterByStore
FN:119,(anonymous_12)
FN:128,filterByCustomer
FN:130,(anonymous_14)
FN:139,filterBySalesperson
FN:141,(anonymous_16)
FN:150,filterByCity
FN:152,(anonymous_18)
FN:161,filterByProduct
FN:163,(anonymous_20)
FN:174,filterByBrand
FN:176,(anonymous_22)
FN:185,filterByCategory
FN:187,(anonymous_24)
FNF:25
FNH:7
FNDA:0,handleChannelFilter
FNDA:0,(anonymous_1)
FNDA:0,(anonymous_2)
FNDA:0,(anonymous_3)
FNDA:0,(anonymous_4)
FNDA:0,getFilteredData
FNDA:0,(anonymous_6)
FNDA:1,getActiveChannelCount
FNDA:0,(anonymous_8)
FNDA:3,filterByDateRange
FNDA:3,(anonymous_10)
FNDA:2,filterByStore
FNDA:3,(anonymous_12)
FNDA:1,filterByCustomer
FNDA:3,(anonymous_14)
FNDA:0,filterBySalesperson
FNDA:0,(anonymous_16)
FNDA:0,filterByCity
FNDA:0,(anonymous_18)
FNDA:0,filterByProduct
FNDA:0,(anonymous_20)
FNDA:0,filterByBrand
FNDA:0,(anonymous_22)
FNDA:0,filterByCategory
FNDA:0,(anonymous_24)
DA:15,0
DA:16,0
DA:18,0
DA:20,0
DA:21,0
DA:23,0
DA:24,0
DA:27,0
DA:29,0
DA:30,0
DA:35,0
DA:36,0
DA:39,0
DA:40,0
DA:41,0
DA:43,0
DA:44,0
DA:45,0
DA:46,0
DA:49,0
DA:50,0
DA:51,0
DA:55,0
DA:58,0
DA:59,0
DA:68,0
DA:69,0
DA:72,0
DA:73,0
DA:74,0
DA:83,1
DA:85,0
DA:86,0
DA:98,3
DA:100,2
DA:101,3
DA:102,3
DA:104,3
DA:105,3
DA:107,1
DA:118,2
DA:119,3
DA:129,1
DA:130,3
DA:140,0
DA:141,0
DA:151,0
DA:152,0
DA:162,0
DA:163,0
DA:164,0
DA:175,0
DA:176,0
DA:186,0
DA:187,0
DA:188,0
DA:192,1
LF:57
LH:13
BRDA:16,0,0,0
BRDA:16,0,1,0
BRDA:18,1,0,0
BRDA:18,1,1,0
BRDA:21,2,0,0
BRDA:21,2,1,0
BRDA:24,3,0,0
BRDA:24,3,1,0
BRDA:30,4,0,0
BRDA:30,4,1,0
BRDA:43,5,0,0
BRDA:43,5,1,0
BRDA:46,6,0,0
BRDA:46,6,1,0
BRDA:51,7,0,0
BRDA:51,7,1,0
BRDA:58,8,0,0
BRDA:58,8,1,0
BRDA:68,9,0,0
BRDA:68,9,1,0
BRDA:73,10,0,0
BRDA:73,10,1,0
BRDA:83,11,0,1
BRDA:83,11,1,0
BRDA:86,12,0,0
BRDA:86,12,1,0
BRDA:98,13,0,1
BRDA:98,13,1,2
BRDA:98,14,0,3
BRDA:98,14,1,1
BRDA:101,15,0,0
BRDA:101,15,1,3
BRDA:104,16,0,0
BRDA:104,16,1,3
BRDA:104,17,0,3
BRDA:104,17,1,3
BRDA:105,18,0,2
BRDA:105,18,1,1
BRDA:105,19,0,3
BRDA:105,19,1,3
BRDA:118,20,0,1
BRDA:118,20,1,1
BRDA:129,21,0,0
BRDA:129,21,1,1
BRDA:140,22,0,0
BRDA:140,22,1,0
BRDA:151,23,0,0
BRDA:151,23,1,0
BRDA:162,24,0,0
BRDA:162,24,1,0
BRDA:164,25,0,0
BRDA:164,25,1,0
BRDA:175,26,0,0
BRDA:175,26,1,0
BRDA:186,27,0,0
BRDA:186,27,1,0
BRDA:188,28,0,0
BRDA:188,28,1,0
BRF:58
BRH:16
end_of_record
TN:
SF:js/modules/ui-login.js
FN:7,(anonymous_0)
FN:16,(anonymous_1)
FN:30,(anonymous_2)
FN:36,(anonymous_3)
FN:47,(anonymous_4)
FN:57,(anonymous_5)
FN:67,(anonymous_6)
FN:77,(anonymous_7)
FN:90,(anonymous_8)
FN:102,(anonymous_9)
FN:111,(anonymous_10)
FN:122,(anonymous_11)
FN:132,(anonymous_12)
FN:157,(anonymous_13)
FN:176,(anonymous_14)
FNF:15
FNH:0
FNDA:0,(anonymous_0)
FNDA:0,(anonymous_1)
FNDA:0,(anonymous_2)
FNDA:0,(anonymous_3)
FNDA:0,(anonymous_4)
FNDA:0,(anonymous_5)
FNDA:0,(anonymous_6)
FNDA:0,(anonymous_7)
FNDA:0,(anonymous_8)
FNDA:0,(anonymous_9)
FNDA:0,(anonymous_10)
FNDA:0,(anonymous_11)
FNDA:0,(anonymous_12)
FNDA:0,(anonymous_13)
FNDA:0,(anonymous_14)
DA:8,0
DA:9,0
DA:10,0
DA:11,0
DA:12,0
DA:13,0
DA:17,0
DA:20,0
DA:21,0
DA:22,0
DA:23,0
DA:24,0
DA:31,0
DA:32,0
DA:33,0
DA:36,0
DA:37,0
DA:38,0
DA:48,0
DA:49,0
DA:50,0
DA:58,0
DA:59,0
DA:60,0
DA:68,0
DA:69,0
DA:70,0
DA:78,0
DA:79,0
DA:80,0
DA:81,0
DA:82,0
DA:84,0
DA:91,0
DA:92,0
DA:93,0
DA:94,0
DA:95,0
DA:103,0
DA:104,0
DA:112,0
DA:123,0
DA:124,0
DA:125,0
DA:126,0
DA:133,0
DA:134,0
DA:135,0
DA:137,0
DA:139,0
DA:140,0
DA:141,0
DA:144,0
DA:145,0
DA:146,0
DA:150,0
DA:152,0
DA:153,0
DA:154,0
DA:157,0
DA:158,0
DA:159,0
DA:160,0
DA:166,0
DA:167,0
DA:173,0
DA:176,0
DA:177,0
DA:180,0
LF:69
LH:0
BRDA:31,0,0,0
BRDA:31,0,1,0
BRDA:37,1,0,0
BRDA:37,1,1,0
BRDA:48,2,0,0
BRDA:48,2,1,0
BRDA:58,3,0,0
BRDA:58,3,1,0
BRDA:68,4,0,0
BRDA:68,4,1,0
BRDA:78,5,0,0
BRDA:78,5,1,0
BRDA:91,6,0,0
BRDA:91,6,1,0
BRDA:103,7,0,0
BRDA:103,7,1,0
BRDA:113,8,0,0
BRDA:113,8,1,0
BRDA:114,9,0,0
BRDA:114,9,1,0
BRDA:115,10,0,0
BRDA:115,10,1,0
BRDA:123,11,0,0
BRDA:123,11,1,0
BRDA:124,12,0,0
BRDA:124,12,1,0
BRDA:125,13,0,0
BRDA:125,13,1,0
BRDA:139,14,0,0
BRDA:139,14,1,0
BRDA:139,15,0,0
BRDA:139,15,1,0
BRDA:144,16,0,0
BRDA:144,16,1,0
BRDA:144,17,0,0
BRDA:144,17,1,0
BRDA:152,18,0,0
BRDA:152,18,1,0
BRDA:159,19,0,0
BRDA:159,19,1,0
BRDA:167,20,0,0
BRDA:167,20,1,0
BRF:42
BRH:0
end_of_record
TN:
SF:js/modules/ui.js
FN:14,switchTab
FN:19,(anonymous_1)
FN:25,(anonymous_2)
FN:63,handleTabSpecificActions
FN:91,(anonymous_4)
FN:122,updateSummaryCards
FN:132,(anonymous_6)
FN:144,populateFilters
FN:148,(anonymous_8)
FN:149,(anonymous_9)
FN:150,(anonymous_10)
FN:151,(anonymous_11)
FN:152,(anonymous_12)
FN:166,toggleLoading
FN:178,updateProgress
FNF:15
FNH:0
FNDA:0,switchTab
FNDA:0,(anonymous_1)
FNDA:0,(anonymous_2)
FNDA:0,handleTabSpecificActions
FNDA:0,(anonymous_4)
FNDA:0,updateSummaryCards
FNDA:0,(anonymous_6)
FNDA:0,populateFilters
FNDA:0,(anonymous_8)
FNDA:0,(anonymous_9)
FNDA:0,(anonymous_10)
FNDA:0,(anonymous_11)
FNDA:0,(anonymous_12)
FNDA:0,toggleLoading
FNDA:0,updateProgress
DA:15,0
DA:18,0
DA:19,0
DA:20,0
DA:24,0
DA:25,0
DA:26,0
DA:30,0
DA:31,0
DA:32,0
DA:33,0
DA:35,0
DA:39,0
DA:51,0
DA:52,0
DA:56,0
DA:64,0
DA:66,0
DA:67,0
DA:69,0
DA:70,0
DA:72,0
DA:74,0
DA:75,0
DA:77,0
DA:79,0
DA:80,0
DA:82,0
DA:84,0
DA:85,0
DA:86,0
DA:87,0
DA:90,0
DA:91,0
DA:92,0
DA:93,0
DA:94,0
DA:99,0
DA:101,0
DA:102,0
DA:103,0
DA:104,0
DA:105,0
DA:108,0
DA:109,0
DA:110,0
DA:111,0
DA:114,0
DA:123,0
DA:132,0
DA:133,0
DA:134,0
DA:135,0
DA:145,0
DA:148,0
DA:149,0
DA:150,0
DA:151,0
DA:152,0
DA:154,0
DA:155,0
DA:156,0
DA:157,0
DA:158,0
DA:159,0
DA:167,0
DA:168,0
DA:169,0
DA:179,0
DA:180,0
DA:182,0
DA:183,0
DA:186,0
DA:187,0
DA:190,0
DA:191,0
DA:198,0
DA:199,0
DA:200,0
DA:202,0
LF:80
LH:0
BRDA:31,0,0,0
BRDA:31,0,1,0
BRDA:51,1,0,0
BRDA:51,1,1,0
BRDA:64,2,0,0
BRDA:64,2,1,0
BRDA:64,2,2,0
BRDA:64,2,3,0
BRDA:64,2,4,0
BRDA:64,2,5,0
BRDA:69,3,0,0
BRDA:69,3,1,0
BRDA:74,4,0,0
BRDA:74,4,1,0
BRDA:79,5,0,0
BRDA:79,5,1,0
BRDA:85,6,0,0
BRDA:85,6,1,0
BRDA:85,7,0,0
BRDA:85,7,1,0
BRDA:86,8,0,0
BRDA:86,8,1,0
BRDA:92,9,0,0
BRDA:92,9,1,0
BRDA:92,10,0,0
BRDA:92,10,1,0
BRDA:93,11,0,0
BRDA:93,11,1,0
BRDA:102,12,0,0
BRDA:102,12,1,0
BRDA:104,13,0,0
BRDA:104,13,1,0
BRDA:108,14,0,0
BRDA:108,14,1,0
BRDA:110,15,0,0
BRDA:110,15,1,0
BRDA:124,16,0,0
BRDA:124,16,1,0
BRDA:125,17,0,0
BRDA:125,17,1,0
BRDA:126,18,0,0
BRDA:126,18,1,0
BRDA:127,19,0,0
BRDA:127,19,1,0
BRDA:128,20,0,0
BRDA:128,20,1,0
BRDA:129,21,0,0
BRDA:129,21,1,0
BRDA:134,22,0,0
BRDA:134,22,1,0
BRDA:145,23,0,0
BRDA:145,23,1,0
BRDA:145,24,0,0
BRDA:145,24,1,0
BRDA:168,25,0,0
BRDA:168,25,1,0
BRDA:169,26,0,0
BRDA:169,26,1,0
BRDA:182,27,0,0
BRDA:182,27,1,0
BRDA:186,28,0,0
BRDA:186,28,1,0
BRDA:190,29,0,0
BRDA:190,29,1,0
BRF:64
BRH:0
end_of_record
TN:
SF:js/modules/utils.js
FN:14,isDiscountProduct
FN:27,applyDiscountLogic
FN:44,getStoreWorkingHours
FN:61,isWithinWorkingHours
FN:91,determineChannel
FN:97,(anonymous_5)
FN:110,formatDate
FN:121,formatCurrency
FN:133,formatNumber
FN:143,formatPercent
FN:154,debounce
FN:156,executedFunction
FN:157,(anonymous_12)
FN:172,groupBy
FN:173,(anonymous_14)
FN:189,getUniqueValues
FN:190,(anonymous_16)
FN:199,sumBy
FN:200,(anonymous_18)
FNF:19
FNH:8
FNDA:0,isDiscountProduct
FNDA:0,applyDiscountLogic
FNDA:0,getStoreWorkingHours
FNDA:0,isWithinWorkingHours
FNDA:0,determineChannel
FNDA:0,(anonymous_5)
FNDA:1,formatDate
FNDA:4,formatCurrency
FNDA:2,formatNumber
FNDA:1,formatPercent
FNDA:0,debounce
FNDA:0,executedFunction
FNDA:0,(anonymous_12)
FNDA:1,groupBy
FNDA:3,(anonymous_14)
FNDA:0,getUniqueValues
FNDA:0,(anonymous_16)
FNDA:1,sumBy
FNDA:3,(anonymous_18)
DA:15,0
DA:16,0
DA:28,0
DA:29,0
DA:36,0
DA:45,0
DA:47,0
DA:48,0
DA:49,0
DA:53,0
DA:62,0
DA:64,0
DA:66,0
DA:67,0
DA:68,0
DA:69,0
DA:71,0
DA:72,0
DA:75,0
DA:76,0
DA:79,0
DA:81,0
DA:82,0
DA:92,0
DA:94,0
DA:96,0
DA:97,0
DA:98,0
DA:102,0
DA:111,1
DA:112,1
DA:113,1
DA:122,4
DA:134,2
DA:144,1
DA:145,1
DA:156,0
DA:157,0
DA:158,0
DA:159,0
DA:161,0
DA:162,0
DA:173,1
DA:174,3
DA:175,3
DA:176,2
DA:178,3
DA:179,3
DA:190,0
DA:200,3
DA:203,2
LF:51
LH:15
BRDA:15,0,0,0
BRDA:15,0,1,0
BRDA:16,1,0,0
BRDA:16,1,1,0
BRDA:16,1,2,0
BRDA:16,1,3,0
BRDA:28,2,0,0
BRDA:28,2,1,0
BRDA:31,3,0,0
BRDA:31,3,1,0
BRDA:32,4,0,0
BRDA:32,4,1,0
BRDA:48,5,0,0
BRDA:48,5,1,0
BRDA:48,6,0,0
BRDA:48,6,1,0
BRDA:62,7,0,0
BRDA:62,7,1,0
BRDA:64,8,0,0
BRDA:64,8,1,0
BRDA:71,9,0,0
BRDA:71,9,1,0
BRDA:75,10,0,0
BRDA:75,10,1,0
BRDA:75,11,0,0
BRDA:75,11,1,0
BRDA:92,12,0,0
BRDA:92,12,1,0
BRDA:97,13,0,0
BRDA:97,13,1,0
BRDA:111,14,0,0
BRDA:111,14,1,1
BRDA:122,15,0,4
BRDA:122,15,1,3
BRDA:134,16,0,2
BRDA:134,16,1,1
BRDA:144,17,0,0
BRDA:144,17,1,1
BRDA:144,18,0,1
BRDA:144,18,1,1
BRDA:174,19,0,3
BRDA:174,19,1,0
BRDA:175,20,0,2
BRDA:175,20,1,1
BRDA:200,21,0,3
BRDA:200,21,1,0
BRF:46
BRH:12
end_of_record
